<?xml version="1.0" encoding="UTF-8"?>
<!-- Generated by org.testng.reporters.JUnitXMLReporter -->
<testsuite ignored="2" hostname="Admin" failures="0" tests="4" name="Test" time="0.293" errors="0" timestamp="2024-08-02T16:13:14 IST">
  <testcase classname="com.crm.comcast.contacttest.CreateContactTest" name="createOrgTest" time="0.027"/>
  <testcase classname="com.crm.comcast.contacttest.CreateContactTest" name="createOrgWithIndustries" time="0.008"/>
  <testcase classname="com.crm.comcast.orgtest.CreateOrgTest" name="createContact" time="0.01"/>
  <testcase classname="com.crm.comcast.orgtest.CreateOrgTest" name="createContactWithSuuportDate" time="0.016"/>
  <testcase classname="com.crm.generic.baseutility.BaseClass" name="@BeforeSuite configBS" time="0.0">
    <ignored/>
  </testcase> <!-- @BeforeSuite configBS -->
  <testcase classname="com.crm.generic.baseutility.BaseClass" name="@AfterSuite configAS" time="0.0">
    <ignored/>
  </testcase> <!-- @AfterSuite configAS -->
</testsuite> <!-- Test -->
