<?xml version="1.0" encoding="UTF-8"?>
<!-- Generated by org.testng.reporters.JUnitXMLReporter -->
<testsuite ignored="0" hostname="Admin" failures="0" tests="3" name="Default test" time="18.298" errors="0" timestamp="2024-08-08T16:16:30 IST">
  <testcase classname="practicetestng.SampleReportTest" name="createContactTest" time="18.016"/>
  <testcase classname="practicetestng.SampleReportTest" name="createContactWithOrg" time="0.024"/>
  <testcase classname="practicetestng.SampleReportTest" name="createContactWithPhoneNumber" time="0.01"/>
</testsuite> <!-- Default test -->
