<?xml version="1.0" encoding="UTF-8"?>
<testng-results ignored="0" total="3" passed="3" failed="0" skipped="0">
  <reporter-output>
  </reporter-output>
  <suite started-at="2024-08-08T16:16:12 IST" name="Default suite" finished-at="2024-08-08T16:16:30 IST" duration-ms="18298">
    <groups>
    </groups>
    <test started-at="2024-08-08T16:16:12 IST" name="Default test" finished-at="2024-08-08T16:16:30 IST" duration-ms="18298">
      <class name="practicetestng.SampleReportTest">
        <test-method is-config="true" signature="configBS()[pri:0, instance:practicetestng.SampleReportTest@692f203f]" started-at="2024-08-08T16:16:11 IST" name="configBS" finished-at="2024-08-08T16:16:12 IST" duration-ms="826" status="PASS">
          <reporter-output>
          </reporter-output>
        </test-method> <!-- configBS -->
        <test-method signature="createContactTest()[pri:0, instance:practicetestng.SampleReportTest@692f203f]" started-at="2024-08-08T16:16:12 IST" name="createContactTest" finished-at="2024-08-08T16:16:30 IST" duration-ms="18016" status="PASS">
          <reporter-output>
          </reporter-output>
        </test-method> <!-- createContactTest -->
        <test-method signature="createContactWithOrg()[pri:0, instance:practicetestng.SampleReportTest@692f203f]" started-at="2024-08-08T16:16:30 IST" name="createContactWithOrg" finished-at="2024-08-08T16:16:30 IST" duration-ms="24" status="PASS">
          <reporter-output>
          </reporter-output>
        </test-method> <!-- createContactWithOrg -->
        <test-method signature="createContactWithPhoneNumber()[pri:0, instance:practicetestng.SampleReportTest@692f203f]" started-at="2024-08-08T16:16:30 IST" name="createContactWithPhoneNumber" finished-at="2024-08-08T16:16:30 IST" duration-ms="10" status="PASS">
          <reporter-output>
          </reporter-output>
        </test-method> <!-- createContactWithPhoneNumber -->
        <test-method is-config="true" signature="confiAs()[pri:0, instance:practicetestng.SampleReportTest@692f203f]" started-at="2024-08-08T16:16:30 IST" name="confiAs" finished-at="2024-08-08T16:16:32 IST" duration-ms="1793" status="PASS">
          <reporter-output>
          </reporter-output>
        </test-method> <!-- confiAs -->
      </class> <!-- practicetestng.SampleReportTest -->
    </test> <!-- Default test -->
  </suite> <!-- Default suite -->
</testng-results>
